  AABB.cpp
C:\Users\s201403\Documents\GitHub\SpaceInvaders\MathClasses\AABB.h(10,43): warning C4244: 'argument': conversion from 'double' to 'float', possible loss of data
C:\Users\s201403\Documents\GitHub\SpaceInvaders\MathClasses\AABB.h(9,43): warning C4244: 'argument': conversion from 'double' to 'float', possible loss of data
C:\Users\s201403\Documents\GitHub\SpaceInvaders\MathClasses\AABB.h(8,55): warning C4244: 'argument': conversion from 'double' to 'float', possible loss of data
C:\Users\s201403\Documents\GitHub\SpaceInvaders\MathClasses\AABB.h(13,6): warning C4244: 'argument': conversion from 'double' to 'float', possible loss of data
C:\Users\s201403\Documents\GitHub\SpaceInvaders\MathClasses\AABB.h(12,6): warning C4244: 'argument': conversion from 'double' to 'float', possible loss of data
C:\Users\s201403\Documents\GitHub\SpaceInvaders\MathClasses\AABB.h(11,18): warning C4244: 'argument': conversion from 'double' to 'float', possible loss of data
C:\Users\s201403\Documents\GitHub\SpaceInvaders\MathClasses\AABB.cpp(35,40): warning C4244: 'argument': conversion from 'double' to 'float', possible loss of data
C:\Users\s201403\Documents\GitHub\SpaceInvaders\MathClasses\AABB.cpp(34,40): warning C4244: 'argument': conversion from 'double' to 'float', possible loss of data
C:\Users\s201403\Documents\GitHub\SpaceInvaders\MathClasses\AABB.cpp(33,53): warning C4244: 'argument': conversion from 'double' to 'float', possible loss of data
C:\Users\s201403\Documents\GitHub\SpaceInvaders\MathClasses\AABB.cpp(38,3): warning C4244: 'argument': conversion from 'double' to 'float', possible loss of data
C:\Users\s201403\Documents\GitHub\SpaceInvaders\MathClasses\AABB.cpp(37,3): warning C4244: 'argument': conversion from 'double' to 'float', possible loss of data
C:\Users\s201403\Documents\GitHub\SpaceInvaders\MathClasses\AABB.cpp(36,16): warning C4244: 'argument': conversion from 'double' to 'float', possible loss of data
  Matrix3.cpp
  Sphere.cpp
C:\Users\s201403\Documents\GitHub\SpaceInvaders\MathClasses\AABB.h(10,43): warning C4244: 'argument': conversion from 'double' to 'float', possible loss of data
C:\Users\s201403\Documents\GitHub\SpaceInvaders\MathClasses\AABB.h(9,43): warning C4244: 'argument': conversion from 'double' to 'float', possible loss of data
C:\Users\s201403\Documents\GitHub\SpaceInvaders\MathClasses\AABB.h(8,55): warning C4244: 'argument': conversion from 'double' to 'float', possible loss of data
C:\Users\s201403\Documents\GitHub\SpaceInvaders\MathClasses\AABB.h(13,6): warning C4244: 'argument': conversion from 'double' to 'float', possible loss of data
C:\Users\s201403\Documents\GitHub\SpaceInvaders\MathClasses\AABB.h(12,6): warning C4244: 'argument': conversion from 'double' to 'float', possible loss of data
C:\Users\s201403\Documents\GitHub\SpaceInvaders\MathClasses\AABB.h(11,18): warning C4244: 'argument': conversion from 'double' to 'float', possible loss of data
C:\Users\s201403\Documents\GitHub\SpaceInvaders\MathClasses\Sphere.cpp(52,17): warning C4244: 'argument': conversion from 'int' to 'float', possible loss of data
C:\Users\s201403\Documents\GitHub\SpaceInvaders\MathClasses\Sphere.cpp(73,28): warning C4244: 'argument': conversion from 'unsigned __int64' to 'float', possible loss of data
  Vector3.cpp
  Generating Code...
  MathClasses.vcxproj -> C:\Users\s201403\Documents\GitHub\SpaceInvaders\x64\Debug\MathClasses.lib
